<?xml version="1.0" encoding="utf-8"?><testsuites name="pytest tests"><testsuite name="pytest" errors="0" failures="0" skipped="0" tests="12" time="13.105" timestamp="2026-05-11T06:14:36.522963+00:00" hostname="agent-env-a4c2d4a3-ace8-4c31-8976-06bdedb03b7f"><testcase classname="backend.tests.backend_test" name="test_root" time="0.286" /><testcase classname="backend.tests.backend_test" name="test_list_pujas" time="0.098" /><testcase classname="backend.tests.backend_test" name="test_festivals" time="0.143" /><testcase classname="backend.tests.backend_test" name="test_temple_stats" time="0.138" /><testcase classname="backend.tests.backend_test" name="test_create_and_get_booking" time="0.270" /><testcase classname="backend.tests.backend_test" name="test_get_booking_404" time="0.130" /><testcase classname="backend.tests.backend_test" name="test_create_donation_and_recent" time="0.337" /><testcase classname="backend.tests.backend_test" name="test_diya_offering_increments" time="0.230" /><testcase classname="backend.tests.backend_test" name="test_prayer_request" time="0.120" /><testcase classname="backend.tests.backend_test" name="test_newsletter_subscribe_and_duplicate" time="0.205" /><testcase classname="backend.tests.backend_test" name="test_contact_message" time="0.107" /><testcase classname="backend.tests.backend_test" name="test_chat_pandit" time="10.920" /></testsuite></testsuites>